2024-05-03T13:49:44.258+09:00  INFO 19644 --- [restartedMain] o.s.s.SsafySecProjApplication            : Starting SsafySecProjApplication using Java 17.0.9 with PID 19644 (C:\Users\SSAFY\Desktop\YourFootprints\backend\ssafy_sec_proj\build\classes\java\main started by SSAFY in C:\Users\SSAFY\Desktop\YourFootprints\backend\ssafy_sec_proj)
2024-05-03T13:49:44.266+09:00  INFO 19644 --- [restartedMain] o.s.s.SsafySecProjApplication            : The following 1 profile is active: "dev"
2024-05-03T13:49:44.355+09:00  INFO 19644 --- [restartedMain] o.s.b.devtools.restart.ChangeableUrls    : The Class-Path manifest attribute in C:\Users\SSAFY\.gradle\caches\modules-2\files-2.1\com.sun.xml.bind\jaxb-impl\4.0.4\92957850e97a2bb5903cbc0c2403835acfde86d3\jaxb-impl-4.0.4.jar referenced one or more files that do not exist: file:/C:/Users/SSAFY/.gradle/caches/modules-2/files-2.1/com.sun.xml.bind/jaxb-impl/4.0.4/92957850e97a2bb5903cbc0c2403835acfde86d3/jaxb-core.jar,file:/C:/Users/SSAFY/.gradle/caches/modules-2/files-2.1/com.sun.xml.bind/jaxb-impl/4.0.4/92957850e97a2bb5903cbc0c2403835acfde86d3/angus-activation.jar
2024-05-03T13:49:44.356+09:00  INFO 19644 --- [restartedMain] o.s.b.devtools.restart.ChangeableUrls    : The Class-Path manifest attribute in C:\Users\SSAFY\.gradle\caches\modules-2\files-2.1\com.sun.xml.bind\jaxb-core\4.0.4\a635cc22352614c2565001efc1dfed6e2698632c\jaxb-core-4.0.4.jar referenced one or more files that do not exist: file:/C:/Users/SSAFY/.gradle/caches/modules-2/files-2.1/com.sun.xml.bind/jaxb-core/4.0.4/a635cc22352614c2565001efc1dfed6e2698632c/jakarta.activation-api.jar,file:/C:/Users/SSAFY/.gradle/caches/modules-2/files-2.1/com.sun.xml.bind/jaxb-core/4.0.4/a635cc22352614c2565001efc1dfed6e2698632c/jakarta.xml.bind-api.jar
2024-05-03T13:49:44.356+09:00  INFO 19644 --- [restartedMain] .e.DevToolsPropertyDefaultsPostProcessor : Devtools property defaults active! Set 'spring.devtools.add-properties' to 'false' to disable
2024-05-03T13:49:44.356+09:00  INFO 19644 --- [restartedMain] .e.DevToolsPropertyDefaultsPostProcessor : For additional web related logging consider setting the 'logging.level.web' property to 'DEBUG'
2024-05-03T13:49:45.251+09:00  INFO 19644 --- [restartedMain] .s.d.r.c.RepositoryConfigurationDelegate : Bootstrapping Spring Data JPA repositories in DEFAULT mode.
2024-05-03T13:49:45.342+09:00  INFO 19644 --- [restartedMain] .s.d.r.c.RepositoryConfigurationDelegate : Finished Spring Data repository scanning in 84 ms. Found 13 JPA repository interfaceinterfaces.
2024-05-03T13:49:46.160+09:00  INFO 19644 --- [restartedMain] o.s.b.w.embedded.tomcat.TomcatWebServer  : Tomcat initialized with port(s): 8080 (http)
2024-05-03T13:49:46.170+09:00  INFO 19644 --- [restartedMain] o.apache.catalina.core.StandardService   : Starting service [Tomcat]
2024-05-03T13:49:46.171+09:00  INFO 19644 --- [restartedMain] o.apache.catalina.core.StandardEngine    : Starting Servlet engine: [Apache Tomcat/10.1.16]
2024-05-03T13:49:46.233+09:00  INFO 19644 --- [restartedMain] o.a.c.c.C.[Tomcat].[localhost].[/]       : Initializing Spring embedded WebApplicationContext
2024-05-03T13:49:46.234+09:00  INFO 19644 --- [restartedMain] w.s.c.ServletWebServerApplicationContext : Root WebApplicationContext: initialization completed in 1877 ms
2024-05-03T13:49:46.432+09:00  INFO 19644 --- [restartedMain] o.hibernate.jpa.internal.util.LogHelper  : HHH000204: Processing PersistenceUnitInfo [name: default]
2024-05-03T13:49:46.505+09:00  INFO 19644 --- [restartedMain] org.hibernate.Version                    : HHH000412: Hibernate ORM core version 6.1.7.Final
2024-05-03T13:49:46.658+09:00  INFO 19644 --- [restartedMain] o.h.spatial.integration.SpatialService   : HHH80000001: hibernate-spatial integration enabled : true
2024-05-03T13:49:46.798+09:00  INFO 19644 --- [restartedMain] com.zaxxer.hikari.HikariDataSource       : HikariPool-1 - Starting...
2024-05-03T13:49:47.316+09:00  INFO 19644 --- [restartedMain] com.zaxxer.hikari.pool.HikariPool        : HikariPool-1 - Added connection com.mysql.cj.jdbc.ConnectionImpl@794ce6f8
2024-05-03T13:49:47.319+09:00  INFO 19644 --- [restartedMain] com.zaxxer.hikari.HikariDataSource       : HikariPool-1 - Start completed.
2024-05-03T13:49:47.334+09:00  INFO 19644 --- [restartedMain] SQL dialect                              : HHH000400: Using dialect: org.hibernate.dialect.MySQL57Dialect
2024-05-03T13:49:47.335+09:00  WARN 19644 --- [restartedMain] org.hibernate.orm.deprecation            : HHH90000026: MySQL57Dialect has been deprecated; use org.hibernate.dialect.MySQLDialect instead
2024-05-03T13:49:47.378+09:00  INFO 19644 --- [restartedMain] org.hibernate.spatial                    : HHH80000003: hibernate-spatial adding type contributions from : org.hibernate.spatial.dialect.mysql.MySQLDialectContributor
2024-05-03T13:49:47.720+09:00  INFO 19644 --- [restartedMain] org.hibernate.spatial                    : HHH80000004: hibernate-spatial adding function contributions from : org.hibernate.spatial.dialect.mysql.MySQLDialectContributor
2024-05-03T13:49:48.234+09:00  INFO 19644 --- [restartedMain] o.h.e.t.j.p.i.JtaPlatformInitiator       : HHH000490: Using JtaPlatform implementation: [org.hibernate.engine.transaction.jta.platform.internal.NoJtaPlatform]
2024-05-03T13:49:48.242+09:00  INFO 19644 --- [restartedMain] j.LocalContainerEntityManagerFactoryBean : Initialized JPA EntityManagerFactory for persistence unit 'default'
2024-05-03T13:49:49.754+09:00 DEBUG 19644 --- [java-sdk-http-connection-reaper] h.i.c.PoolingHttpClientConnectionManager : Closing connections idle longer than 60000 MILLISECONDS
2024-05-03T13:49:50.591+09:00  WARN 19644 --- [restartedMain] JpaBaseConfiguration$JpaWebConfiguration : spring.jpa.open-in-view is enabled by default. Therefore, database queries may be performed during view rendering. Explicitly configure spring.jpa.open-in-view to disable this warning
2024-05-03T13:49:50.917+09:00  INFO 19644 --- [restartedMain] o.s.s.web.DefaultSecurityFilterChain     : Will secure any request with [org.springframework.security.web.session.DisableEncodeUrlFilter@ce1c7c5, org.springframework.security.web.context.request.async.WebAsyncManagerIntegrationFilter@56ede561, org.springframework.security.web.context.SecurityContextHolderFilter@317b5e5e, org.springframework.security.web.header.HeaderWriterFilter@7ef66c3f, org.springframework.web.filter.CorsFilter@5d18f058, org.springframework.security.web.authentication.logout.LogoutFilter@1ec26525, org.ssafy.ssafy_sec_proj._common.jwt.JwtAuthFilter@5263ec49, org.springframework.security.web.savedrequest.RequestCacheAwareFilter@5c1e8dbd, org.springframework.security.web.servletapi.SecurityContextHolderAwareRequestFilter@3ea937b3, org.springframework.security.web.authentication.AnonymousAuthenticationFilter@503ed62f, org.springframework.security.web.session.SessionManagementFilter@4aab0163, org.springframework.security.web.access.ExceptionTranslationFilter@3633bf8c, org.springframework.security.web.access.intercept.FilterSecurityInterceptor@33f3d5b9]
2024-05-03T13:49:50.923+09:00  WARN 19644 --- [restartedMain] o.s.s.c.a.web.builders.WebSecurity       : You are asking Spring Security to ignore org.springframework.boot.autoconfigure.security.servlet.StaticResourceRequest$StaticResourceRequestMatcher@106c2d5a. This is not recommended -- please use permitAll via HttpSecurity#authorizeHttpRequests instead.
2024-05-03T13:49:50.923+09:00  INFO 19644 --- [restartedMain] o.s.s.web.DefaultSecurityFilterChain     : Will not secure org.springframework.boot.autoconfigure.security.servlet.StaticResourceRequest$StaticResourceRequestMatcher@106c2d5a
2024-05-03T13:49:51.237+09:00  INFO 19644 --- [restartedMain] o.s.b.d.a.OptionalLiveReloadServer       : LiveReload server is running on port 35729
2024-05-03T13:49:51.266+09:00  INFO 19644 --- [restartedMain] o.s.b.w.embedded.tomcat.TomcatWebServer  : Tomcat started on port(s): 8080 (http) with context path ''
2024-05-03T13:49:51.272+09:00  INFO 19644 --- [restartedMain] o.s.s.SsafySecProjApplication            : Started SsafySecProjApplication in 7.445 seconds (process running for 7.9)
2024-05-03T13:49:55.252+09:00  INFO 19644 --- [http-nio-8080-exec-3] o.a.c.c.C.[Tomcat].[localhost].[/]       : Initializing Spring DispatcherServlet 'dispatcherServlet'
2024-05-03T13:49:55.252+09:00  INFO 19644 --- [http-nio-8080-exec-3] o.s.web.servlet.DispatcherServlet        : Initializing Servlet 'dispatcherServlet'
2024-05-03T13:49:55.254+09:00  INFO 19644 --- [http-nio-8080-exec-3] o.s.web.servlet.DispatcherServlet        : Completed initialization in 1 ms
2024-05-03T13:49:55.445+09:00  WARN 19644 --- [http-nio-8080-exec-2] o.s.w.s.h.HandlerMappingIntrospector     : Cache miss for REQUEST dispatch to '/api/main' (previous null). Performing MatchableHandlerMapping lookup. This is logged once only at WARN level, and every time at TRACE.
2024-05-03T13:49:55.483+09:00  INFO 19644 --- [http-nio-8080-exec-4] o.s.s._common.aop.TimeChecking           : 코드 실행 이전
2024-05-03T13:49:55.483+09:00  INFO 19644 --- [http-nio-8080-exec-2] o.s.s._common.aop.TimeChecking           : 코드 실행 이전
2024-05-03T13:49:55.581+09:00  INFO 19644 --- [http-nio-8080-exec-4] o.s.s._common.aop.TimeChecking           : 코드 실행 시간 = 98
2024-05-03T13:49:55.868+09:00  INFO 19644 --- [http-nio-8080-exec-2] o.s.s._common.aop.TimeChecking           : 코드 실행 시간 = 385
2024-05-03T13:50:49.762+09:00 DEBUG 19644 --- [java-sdk-http-connection-reaper] h.i.c.PoolingHttpClientConnectionManager : Closing connections idle longer than 60000 MILLISECONDS
2024-05-03T13:51:49.762+09:00 DEBUG 19644 --- [java-sdk-http-connection-reaper] h.i.c.PoolingHttpClientConnectionManager : Closing connections idle longer than 60000 MILLISECONDS
2024-05-03T13:52:49.774+09:00 DEBUG 19644 --- [java-sdk-http-connection-reaper] h.i.c.PoolingHttpClientConnectionManager : Closing connections idle longer than 60000 MILLISECONDS
2024-05-03T13:53:49.778+09:00 DEBUG 19644 --- [java-sdk-http-connection-reaper] h.i.c.PoolingHttpClientConnectionManager : Closing connections idle longer than 60000 MILLISECONDS
2024-05-03T13:54:49.781+09:00 DEBUG 19644 --- [java-sdk-http-connection-reaper] h.i.c.PoolingHttpClientConnectionManager : Closing connections idle longer than 60000 MILLISECONDS
2024-05-03T13:55:31.861+09:00  INFO 19644 --- [http-nio-8080-exec-7] o.s.s._common.aop.TimeChecking           : 코드 실행 이전
2024-05-03T13:55:31.861+09:00  INFO 19644 --- [http-nio-8080-exec-10] o.s.s._common.aop.TimeChecking           : 코드 실행 이전
2024-05-03T13:55:31.924+09:00  INFO 19644 --- [http-nio-8080-exec-7] o.s.s._common.aop.TimeChecking           : 코드 실행 시간 = 63
2024-05-03T13:55:32.122+09:00  INFO 19644 --- [http-nio-8080-exec-10] o.s.s._common.aop.TimeChecking           : 코드 실행 시간 = 261
2024-05-03T13:55:35.548+09:00  INFO 19644 --- [http-nio-8080-exec-3] o.s.s._common.aop.TimeChecking           : 코드 실행 이전
2024-05-03T13:55:35.548+09:00  INFO 19644 --- [http-nio-8080-exec-1] o.s.s._common.aop.TimeChecking           : 코드 실행 이전
2024-05-03T13:55:35.635+09:00  INFO 19644 --- [http-nio-8080-exec-3] o.s.s._common.aop.TimeChecking           : 코드 실행 시간 = 87
2024-05-03T13:55:35.852+09:00  INFO 19644 --- [http-nio-8080-exec-1] o.s.s._common.aop.TimeChecking           : 코드 실행 시간 = 304
2024-05-03T13:55:36.649+09:00  INFO 19644 --- [http-nio-8080-exec-2] o.s.s._common.aop.TimeChecking           : 코드 실행 이전
2024-05-03T13:55:36.649+09:00  INFO 19644 --- [http-nio-8080-exec-4] o.s.s._common.aop.TimeChecking           : 코드 실행 이전
2024-05-03T13:55:36.720+09:00  INFO 19644 --- [http-nio-8080-exec-4] o.s.s._common.aop.TimeChecking           : 코드 실행 시간 = 71
2024-05-03T13:55:36.892+09:00  INFO 19644 --- [http-nio-8080-exec-2] o.s.s._common.aop.TimeChecking           : 코드 실행 시간 = 243
2024-05-03T13:55:38.258+09:00  INFO 19644 --- [http-nio-8080-exec-9] o.s.s._common.aop.TimeChecking           : 코드 실행 이전
2024-05-03T13:55:38.258+09:00  INFO 19644 --- [http-nio-8080-exec-8] o.s.s._common.aop.TimeChecking           : 코드 실행 이전
2024-05-03T13:55:38.327+09:00  INFO 19644 --- [http-nio-8080-exec-8] o.s.s._common.aop.TimeChecking           : 코드 실행 시간 = 69
2024-05-03T13:55:38.505+09:00  INFO 19644 --- [http-nio-8080-exec-9] o.s.s._common.aop.TimeChecking           : 코드 실행 시간 = 247
2024-05-03T13:55:39.704+09:00  INFO 19644 --- [http-nio-8080-exec-7] o.s.s._common.aop.TimeChecking           : 코드 실행 이전
2024-05-03T13:55:39.704+09:00  INFO 19644 --- [http-nio-8080-exec-10] o.s.s._common.aop.TimeChecking           : 코드 실행 이전
2024-05-03T13:55:39.765+09:00  INFO 19644 --- [http-nio-8080-exec-7] o.s.s._common.aop.TimeChecking           : 코드 실행 시간 = 61
2024-05-03T13:55:39.911+09:00  INFO 19644 --- [http-nio-8080-exec-10] o.s.s._common.aop.TimeChecking           : 코드 실행 시간 = 207
2024-05-03T13:55:40.756+09:00  INFO 19644 --- [http-nio-8080-exec-3] o.s.s._common.aop.TimeChecking           : 코드 실행 이전
2024-05-03T13:55:40.756+09:00  INFO 19644 --- [http-nio-8080-exec-1] o.s.s._common.aop.TimeChecking           : 코드 실행 이전
2024-05-03T13:55:40.848+09:00  INFO 19644 --- [http-nio-8080-exec-3] o.s.s._common.aop.TimeChecking           : 코드 실행 시간 = 92
2024-05-03T13:55:41.021+09:00  INFO 19644 --- [http-nio-8080-exec-1] o.s.s._common.aop.TimeChecking           : 코드 실행 시간 = 265
2024-05-03T13:55:41.883+09:00  INFO 19644 --- [http-nio-8080-exec-4] o.s.s._common.aop.TimeChecking           : 코드 실행 이전
2024-05-03T13:55:41.883+09:00  INFO 19644 --- [http-nio-8080-exec-2] o.s.s._common.aop.TimeChecking           : 코드 실행 이전
2024-05-03T13:55:41.949+09:00  INFO 19644 --- [http-nio-8080-exec-4] o.s.s._common.aop.TimeChecking           : 코드 실행 시간 = 66
2024-05-03T13:55:42.105+09:00  INFO 19644 --- [http-nio-8080-exec-2] o.s.s._common.aop.TimeChecking           : 코드 실행 시간 = 222
2024-05-03T13:55:43.063+09:00  INFO 19644 --- [http-nio-8080-exec-5] o.s.s._common.aop.TimeChecking           : 코드 실행 이전
2024-05-03T13:55:43.063+09:00  INFO 19644 --- [http-nio-8080-exec-6] o.s.s._common.aop.TimeChecking           : 코드 실행 이전
2024-05-03T13:55:43.134+09:00  INFO 19644 --- [http-nio-8080-exec-5] o.s.s._common.aop.TimeChecking           : 코드 실행 시간 = 71
2024-05-03T13:55:43.331+09:00  INFO 19644 --- [http-nio-8080-exec-6] o.s.s._common.aop.TimeChecking           : 코드 실행 시간 = 268
2024-05-03T13:55:49.796+09:00 DEBUG 19644 --- [java-sdk-http-connection-reaper] h.i.c.PoolingHttpClientConnectionManager : Closing connections idle longer than 60000 MILLISECONDS
2024-05-03T13:56:49.806+09:00 DEBUG 19644 --- [java-sdk-http-connection-reaper] h.i.c.PoolingHttpClientConnectionManager : Closing connections idle longer than 60000 MILLISECONDS
2024-05-03T13:57:49.820+09:00 DEBUG 19644 --- [java-sdk-http-connection-reaper] h.i.c.PoolingHttpClientConnectionManager : Closing connections idle longer than 60000 MILLISECONDS
2024-05-03T13:58:49.821+09:00 DEBUG 19644 --- [java-sdk-http-connection-reaper] h.i.c.PoolingHttpClientConnectionManager : Closing connections idle longer than 60000 MILLISECONDS
2024-05-03T13:59:49.822+09:00 DEBUG 19644 --- [java-sdk-http-connection-reaper] h.i.c.PoolingHttpClientConnectionManager : Closing connections idle longer than 60000 MILLISECONDS
2024-05-03T14:00:49.834+09:00 DEBUG 19644 --- [java-sdk-http-connection-reaper] h.i.c.PoolingHttpClientConnectionManager : Closing connections idle longer than 60000 MILLISECONDS
2024-05-03T14:01:49.842+09:00 DEBUG 19644 --- [java-sdk-http-connection-reaper] h.i.c.PoolingHttpClientConnectionManager : Closing connections idle longer than 60000 MILLISECONDS
2024-05-03T14:02:49.848+09:00 DEBUG 19644 --- [java-sdk-http-connection-reaper] h.i.c.PoolingHttpClientConnectionManager : Closing connections idle longer than 60000 MILLISECONDS
2024-05-03T14:03:49.851+09:00 DEBUG 19644 --- [java-sdk-http-connection-reaper] h.i.c.PoolingHttpClientConnectionManager : Closing connections idle longer than 60000 MILLISECONDS
2024-05-03T14:04:49.857+09:00 DEBUG 19644 --- [java-sdk-http-connection-reaper] h.i.c.PoolingHttpClientConnectionManager : Closing connections idle longer than 60000 MILLISECONDS
2024-05-03T14:05:49.866+09:00 DEBUG 19644 --- [java-sdk-http-connection-reaper] h.i.c.PoolingHttpClientConnectionManager : Closing connections idle longer than 60000 MILLISECONDS
2024-05-03T14:06:33.484+09:00  INFO 19644 --- [http-nio-8080-exec-1] o.s.s._common.aop.TimeChecking           : 코드 실행 이전
2024-05-03T14:06:33.484+09:00  INFO 19644 --- [http-nio-8080-exec-3] o.s.s._common.aop.TimeChecking           : 코드 실행 이전
2024-05-03T14:06:33.553+09:00  INFO 19644 --- [http-nio-8080-exec-3] o.s.s._common.aop.TimeChecking           : 코드 실행 시간 = 69
2024-05-03T14:06:33.770+09:00  INFO 19644 --- [http-nio-8080-exec-1] o.s.s._common.aop.TimeChecking           : 코드 실행 시간 = 286
2024-05-03T14:06:49.875+09:00 DEBUG 19644 --- [java-sdk-http-connection-reaper] h.i.c.PoolingHttpClientConnectionManager : Closing connections idle longer than 60000 MILLISECONDS
2024-05-03T14:07:49.876+09:00 DEBUG 19644 --- [java-sdk-http-connection-reaper] h.i.c.PoolingHttpClientConnectionManager : Closing connections idle longer than 60000 MILLISECONDS
2024-05-03T14:08:49.881+09:00 DEBUG 19644 --- [java-sdk-http-connection-reaper] h.i.c.PoolingHttpClientConnectionManager : Closing connections idle longer than 60000 MILLISECONDS
2024-05-03T14:09:49.892+09:00 DEBUG 19644 --- [java-sdk-http-connection-reaper] h.i.c.PoolingHttpClientConnectionManager : Closing connections idle longer than 60000 MILLISECONDS
2024-05-03T14:10:49.892+09:00 DEBUG 19644 --- [java-sdk-http-connection-reaper] h.i.c.PoolingHttpClientConnectionManager : Closing connections idle longer than 60000 MILLISECONDS
2024-05-03T14:11:49.901+09:00 DEBUG 19644 --- [java-sdk-http-connection-reaper] h.i.c.PoolingHttpClientConnectionManager : Closing connections idle longer than 60000 MILLISECONDS
2024-05-03T14:12:49.909+09:00 DEBUG 19644 --- [java-sdk-http-connection-reaper] h.i.c.PoolingHttpClientConnectionManager : Closing connections idle longer than 60000 MILLISECONDS
2024-05-03T14:13:49.914+09:00 DEBUG 19644 --- [java-sdk-http-connection-reaper] h.i.c.PoolingHttpClientConnectionManager : Closing connections idle longer than 60000 MILLISECONDS
2024-05-03T14:14:49.920+09:00 DEBUG 19644 --- [java-sdk-http-connection-reaper] h.i.c.PoolingHttpClientConnectionManager : Closing connections idle longer than 60000 MILLISECONDS
2024-05-03T14:15:49.930+09:00 DEBUG 19644 --- [java-sdk-http-connection-reaper] h.i.c.PoolingHttpClientConnectionManager : Closing connections idle longer than 60000 MILLISECONDS
2024-05-03T14:16:49.944+09:00 DEBUG 19644 --- [java-sdk-http-connection-reaper] h.i.c.PoolingHttpClientConnectionManager : Closing connections idle longer than 60000 MILLISECONDS
2024-05-03T14:17:49.950+09:00 DEBUG 19644 --- [java-sdk-http-connection-reaper] h.i.c.PoolingHttpClientConnectionManager : Closing connections idle longer than 60000 MILLISECONDS
2024-05-03T14:18:49.952+09:00 DEBUG 19644 --- [java-sdk-http-connection-reaper] h.i.c.PoolingHttpClientConnectionManager : Closing connections idle longer than 60000 MILLISECONDS
2024-05-03T14:19:49.966+09:00 DEBUG 19644 --- [java-sdk-http-connection-reaper] h.i.c.PoolingHttpClientConnectionManager : Closing connections idle longer than 60000 MILLISECONDS
2024-05-03T14:20:49.972+09:00 DEBUG 19644 --- [java-sdk-http-connection-reaper] h.i.c.PoolingHttpClientConnectionManager : Closing connections idle longer than 60000 MILLISECONDS
2024-05-03T14:21:49.974+09:00 DEBUG 19644 --- [java-sdk-http-connection-reaper] h.i.c.PoolingHttpClientConnectionManager : Closing connections idle longer than 60000 MILLISECONDS
2024-05-03T14:22:49.977+09:00 DEBUG 19644 --- [java-sdk-http-connection-reaper] h.i.c.PoolingHttpClientConnectionManager : Closing connections idle longer than 60000 MILLISECONDS
2024-05-03T14:23:49.986+09:00 DEBUG 19644 --- [java-sdk-http-connection-reaper] h.i.c.PoolingHttpClientConnectionManager : Closing connections idle longer than 60000 MILLISECONDS
2024-05-03T14:24:49.987+09:00 DEBUG 19644 --- [java-sdk-http-connection-reaper] h.i.c.PoolingHttpClientConnectionManager : Closing connections idle longer than 60000 MILLISECONDS
2024-05-03T14:25:49.992+09:00 DEBUG 19644 --- [java-sdk-http-connection-reaper] h.i.c.PoolingHttpClientConnectionManager : Closing connections idle longer than 60000 MILLISECONDS
2024-05-03T14:26:49.999+09:00 DEBUG 19644 --- [java-sdk-http-connection-reaper] h.i.c.PoolingHttpClientConnectionManager : Closing connections idle longer than 60000 MILLISECONDS
2024-05-03T14:27:50.001+09:00 DEBUG 19644 --- [java-sdk-http-connection-reaper] h.i.c.PoolingHttpClientConnectionManager : Closing connections idle longer than 60000 MILLISECONDS
2024-05-03T14:28:50.002+09:00 DEBUG 19644 --- [java-sdk-http-connection-reaper] h.i.c.PoolingHttpClientConnectionManager : Closing connections idle longer than 60000 MILLISECONDS
2024-05-03T14:29:50.017+09:00 DEBUG 19644 --- [java-sdk-http-connection-reaper] h.i.c.PoolingHttpClientConnectionManager : Closing connections idle longer than 60000 MILLISECONDS
2024-05-03T14:30:50.032+09:00 DEBUG 19644 --- [java-sdk-http-connection-reaper] h.i.c.PoolingHttpClientConnectionManager : Closing connections idle longer than 60000 MILLISECONDS
2024-05-03T14:31:50.043+09:00 DEBUG 19644 --- [java-sdk-http-connection-reaper] h.i.c.PoolingHttpClientConnectionManager : Closing connections idle longer than 60000 MILLISECONDS
2024-05-03T14:32:50.053+09:00 DEBUG 19644 --- [java-sdk-http-connection-reaper] h.i.c.PoolingHttpClientConnectionManager : Closing connections idle longer than 60000 MILLISECONDS
2024-05-03T14:33:50.056+09:00 DEBUG 19644 --- [java-sdk-http-connection-reaper] h.i.c.PoolingHttpClientConnectionManager : Closing connections idle longer than 60000 MILLISECONDS
2024-05-03T14:34:50.066+09:00 DEBUG 19644 --- [java-sdk-http-connection-reaper] h.i.c.PoolingHttpClientConnectionManager : Closing connections idle longer than 60000 MILLISECONDS
2024-05-03T14:35:50.081+09:00 DEBUG 19644 --- [java-sdk-http-connection-reaper] h.i.c.PoolingHttpClientConnectionManager : Closing connections idle longer than 60000 MILLISECONDS
2024-05-03T14:36:50.087+09:00 DEBUG 19644 --- [java-sdk-http-connection-reaper] h.i.c.PoolingHttpClientConnectionManager : Closing connections idle longer than 60000 MILLISECONDS
2024-05-03T14:37:50.098+09:00 DEBUG 19644 --- [java-sdk-http-connection-reaper] h.i.c.PoolingHttpClientConnectionManager : Closing connections idle longer than 60000 MILLISECONDS
2024-05-03T14:38:50.107+09:00 DEBUG 19644 --- [java-sdk-http-connection-reaper] h.i.c.PoolingHttpClientConnectionManager : Closing connections idle longer than 60000 MILLISECONDS
2024-05-03T14:39:50.120+09:00 DEBUG 19644 --- [java-sdk-http-connection-reaper] h.i.c.PoolingHttpClientConnectionManager : Closing connections idle longer than 60000 MILLISECONDS
2024-05-03T14:40:50.130+09:00 DEBUG 19644 --- [java-sdk-http-connection-reaper] h.i.c.PoolingHttpClientConnectionManager : Closing connections idle longer than 60000 MILLISECONDS
2024-05-03T14:41:50.138+09:00 DEBUG 19644 --- [java-sdk-http-connection-reaper] h.i.c.PoolingHttpClientConnectionManager : Closing connections idle longer than 60000 MILLISECONDS
2024-05-03T14:42:50.144+09:00 DEBUG 19644 --- [java-sdk-http-connection-reaper] h.i.c.PoolingHttpClientConnectionManager : Closing connections idle longer than 60000 MILLISECONDS
2024-05-03T14:43:50.157+09:00 DEBUG 19644 --- [java-sdk-http-connection-reaper] h.i.c.PoolingHttpClientConnectionManager : Closing connections idle longer than 60000 MILLISECONDS
2024-05-03T14:44:50.159+09:00 DEBUG 19644 --- [java-sdk-http-connection-reaper] h.i.c.PoolingHttpClientConnectionManager : Closing connections idle longer than 60000 MILLISECONDS
2024-05-03T14:45:30.010+09:00  INFO 19644 --- [http-nio-8080-exec-5] o.s.s._common.aop.TimeChecking           : 코드 실행 이전
2024-05-03T14:45:30.010+09:00  INFO 19644 --- [http-nio-8080-exec-6] o.s.s._common.aop.TimeChecking           : 코드 실행 이전
2024-05-03T14:45:30.095+09:00  INFO 19644 --- [http-nio-8080-exec-5] o.s.s._common.aop.TimeChecking           : 코드 실행 시간 = 85
2024-05-03T14:45:30.263+09:00  INFO 19644 --- [http-nio-8080-exec-6] o.s.s._common.aop.TimeChecking           : 코드 실행 시간 = 253
2024-05-03T14:45:44.929+09:00  INFO 19644 --- [http-nio-8080-exec-7] o.s.s._common.aop.TimeChecking           : 코드 실행 이전
2024-05-03T14:45:44.931+09:00  INFO 19644 --- [http-nio-8080-exec-10] o.s.s._common.aop.TimeChecking           : 코드 실행 이전
2024-05-03T14:45:45.005+09:00  INFO 19644 --- [http-nio-8080-exec-10] o.s.s._common.aop.TimeChecking           : 코드 실행 시간 = 74
2024-05-03T14:45:45.158+09:00  INFO 19644 --- [http-nio-8080-exec-7] o.s.s._common.aop.TimeChecking           : 코드 실행 시간 = 227
2024-05-03T14:45:50.174+09:00 DEBUG 19644 --- [java-sdk-http-connection-reaper] h.i.c.PoolingHttpClientConnectionManager : Closing connections idle longer than 60000 MILLISECONDS
2024-05-03T14:46:10.176+09:00  INFO 19644 --- [http-nio-8080-exec-2] o.s.s._common.aop.TimeChecking           : 코드 실행 이전
2024-05-03T14:46:10.182+09:00  INFO 19644 --- [http-nio-8080-exec-4] o.s.s._common.aop.TimeChecking           : 코드 실행 이전
2024-05-03T14:46:10.236+09:00  INFO 19644 --- [http-nio-8080-exec-2] o.s.s._common.aop.TimeChecking           : 코드 실행 시간 = 54
2024-05-03T14:46:10.425+09:00  INFO 19644 --- [http-nio-8080-exec-4] o.s.s._common.aop.TimeChecking           : 코드 실행 시간 = 243
2024-05-03T14:46:50.177+09:00 DEBUG 19644 --- [java-sdk-http-connection-reaper] h.i.c.PoolingHttpClientConnectionManager : Closing connections idle longer than 60000 MILLISECONDS
2024-05-03T14:47:06.411+09:00  INFO 19644 --- [http-nio-8080-exec-9] o.s.s._common.aop.TimeChecking           : 코드 실행 이전
2024-05-03T14:47:06.411+09:00  INFO 19644 --- [http-nio-8080-exec-8] o.s.s._common.aop.TimeChecking           : 코드 실행 이전
2024-05-03T14:47:06.523+09:00  INFO 19644 --- [http-nio-8080-exec-9] o.s.s._common.aop.TimeChecking           : 코드 실행 시간 = 112
2024-05-03T14:47:06.728+09:00  INFO 19644 --- [http-nio-8080-exec-8] o.s.s._common.aop.TimeChecking           : 코드 실행 시간 = 317
2024-05-03T14:47:08.555+09:00  INFO 19644 --- [http-nio-8080-exec-10] o.s.s._common.aop.TimeChecking           : 코드 실행 이전
2024-05-03T14:47:08.554+09:00  INFO 19644 --- [http-nio-8080-exec-7] o.s.s._common.aop.TimeChecking           : 코드 실행 이전
2024-05-03T14:47:08.646+09:00  INFO 19644 --- [http-nio-8080-exec-10] o.s.s._common.aop.TimeChecking           : 코드 실행 시간 = 91
2024-05-03T14:47:08.795+09:00  INFO 19644 --- [http-nio-8080-exec-7] o.s.s._common.aop.TimeChecking           : 코드 실행 시간 = 240
2024-05-03T14:47:24.978+09:00  INFO 19644 --- [http-nio-8080-exec-2] o.s.s._common.aop.TimeChecking           : 코드 실행 이전
2024-05-03T14:47:24.978+09:00  INFO 19644 --- [http-nio-8080-exec-4] o.s.s._common.aop.TimeChecking           : 코드 실행 이전
2024-05-03T14:47:25.035+09:00  INFO 19644 --- [http-nio-8080-exec-2] o.s.s._common.aop.TimeChecking           : 코드 실행 시간 = 57
2024-05-03T14:47:25.221+09:00  INFO 19644 --- [http-nio-8080-exec-4] o.s.s._common.aop.TimeChecking           : 코드 실행 시간 = 243
2024-05-03T14:47:50.186+09:00 DEBUG 19644 --- [java-sdk-http-connection-reaper] h.i.c.PoolingHttpClientConnectionManager : Closing connections idle longer than 60000 MILLISECONDS
2024-05-03T14:48:50.195+09:00 DEBUG 19644 --- [java-sdk-http-connection-reaper] h.i.c.PoolingHttpClientConnectionManager : Closing connections idle longer than 60000 MILLISECONDS
2024-05-03T14:49:14.737+09:00  INFO 19644 --- [http-nio-8080-exec-10] o.s.s._common.aop.TimeChecking           : 코드 실행 이전
2024-05-03T14:49:14.737+09:00  INFO 19644 --- [http-nio-8080-exec-7] o.s.s._common.aop.TimeChecking           : 코드 실행 이전
2024-05-03T14:49:14.805+09:00  INFO 19644 --- [http-nio-8080-exec-7] o.s.s._common.aop.TimeChecking           : 코드 실행 시간 = 68
2024-05-03T14:49:14.953+09:00  INFO 19644 --- [http-nio-8080-exec-10] o.s.s._common.aop.TimeChecking           : 코드 실행 시간 = 216
2024-05-03T14:49:18.723+09:00  INFO 19644 --- [http-nio-8080-exec-1] o.s.s._common.aop.TimeChecking           : 코드 실행 이전
2024-05-03T14:49:18.723+09:00  INFO 19644 --- [http-nio-8080-exec-3] o.s.s._common.aop.TimeChecking           : 코드 실행 이전
2024-05-03T14:49:18.793+09:00  INFO 19644 --- [http-nio-8080-exec-3] o.s.s._common.aop.TimeChecking           : 코드 실행 시간 = 70
2024-05-03T14:49:18.940+09:00  INFO 19644 --- [http-nio-8080-exec-1] o.s.s._common.aop.TimeChecking           : 코드 실행 시간 = 217
2024-05-03T14:49:36.649+09:00  INFO 19644 --- [http-nio-8080-exec-6] o.s.s._common.aop.TimeChecking           : 코드 실행 이전
2024-05-03T14:49:36.649+09:00  INFO 19644 --- [http-nio-8080-exec-5] o.s.s._common.aop.TimeChecking           : 코드 실행 이전
2024-05-03T14:49:36.722+09:00  INFO 19644 --- [http-nio-8080-exec-6] o.s.s._common.aop.TimeChecking           : 코드 실행 시간 = 73
2024-05-03T14:49:36.888+09:00  INFO 19644 --- [http-nio-8080-exec-5] o.s.s._common.aop.TimeChecking           : 코드 실행 시간 = 239
2024-05-03T14:49:38.797+09:00  INFO 19644 --- [http-nio-8080-exec-9] o.s.s._common.aop.TimeChecking           : 코드 실행 이전
2024-05-03T14:49:38.797+09:00  INFO 19644 --- [http-nio-8080-exec-8] o.s.s._common.aop.TimeChecking           : 코드 실행 이전
2024-05-03T14:49:38.864+09:00  INFO 19644 --- [http-nio-8080-exec-9] o.s.s._common.aop.TimeChecking           : 코드 실행 시간 = 67
2024-05-03T14:49:39.002+09:00  INFO 19644 --- [http-nio-8080-exec-8] o.s.s._common.aop.TimeChecking           : 코드 실행 시간 = 205
2024-05-03T14:49:50.198+09:00 DEBUG 19644 --- [java-sdk-http-connection-reaper] h.i.c.PoolingHttpClientConnectionManager : Closing connections idle longer than 60000 MILLISECONDS
2024-05-03T14:50:50.208+09:00 DEBUG 19644 --- [java-sdk-http-connection-reaper] h.i.c.PoolingHttpClientConnectionManager : Closing connections idle longer than 60000 MILLISECONDS
2024-05-03T14:51:50.214+09:00 DEBUG 19644 --- [java-sdk-http-connection-reaper] h.i.c.PoolingHttpClientConnectionManager : Closing connections idle longer than 60000 MILLISECONDS
2024-05-03T14:52:23.039+09:00  INFO 19644 --- [http-nio-8080-exec-2] o.s.s._common.aop.TimeChecking           : 코드 실행 이전
2024-05-03T14:52:23.039+09:00  INFO 19644 --- [http-nio-8080-exec-4] o.s.s._common.aop.TimeChecking           : 코드 실행 이전
2024-05-03T14:52:23.126+09:00  INFO 19644 --- [http-nio-8080-exec-2] o.s.s._common.aop.TimeChecking           : 코드 실행 시간 = 87
2024-05-03T14:52:23.349+09:00  INFO 19644 --- [http-nio-8080-exec-4] o.s.s._common.aop.TimeChecking           : 코드 실행 시간 = 310
2024-05-03T14:52:24.689+09:00  INFO 19644 --- [http-nio-8080-exec-5] o.s.s._common.aop.TimeChecking           : 코드 실행 이전
2024-05-03T14:52:24.689+09:00  INFO 19644 --- [http-nio-8080-exec-6] o.s.s._common.aop.TimeChecking           : 코드 실행 이전
2024-05-03T14:52:24.847+09:00  INFO 19644 --- [http-nio-8080-exec-6] o.s.s._common.aop.TimeChecking           : 코드 실행 시간 = 158
2024-05-03T14:52:25.055+09:00  INFO 19644 --- [http-nio-8080-exec-5] o.s.s._common.aop.TimeChecking           : 코드 실행 시간 = 366
2024-05-03T14:52:50.227+09:00 DEBUG 19644 --- [java-sdk-http-connection-reaper] h.i.c.PoolingHttpClientConnectionManager : Closing connections idle longer than 60000 MILLISECONDS
2024-05-03T14:53:50.238+09:00 DEBUG 19644 --- [java-sdk-http-connection-reaper] h.i.c.PoolingHttpClientConnectionManager : Closing connections idle longer than 60000 MILLISECONDS
2024-05-03T14:54:50.240+09:00 DEBUG 19644 --- [java-sdk-http-connection-reaper] h.i.c.PoolingHttpClientConnectionManager : Closing connections idle longer than 60000 MILLISECONDS
2024-05-03T14:55:50.242+09:00 DEBUG 19644 --- [java-sdk-http-connection-reaper] h.i.c.PoolingHttpClientConnectionManager : Closing connections idle longer than 60000 MILLISECONDS
2024-05-03T14:56:50.254+09:00 DEBUG 19644 --- [java-sdk-http-connection-reaper] h.i.c.PoolingHttpClientConnectionManager : Closing connections idle longer than 60000 MILLISECONDS
2024-05-03T14:57:50.265+09:00 DEBUG 19644 --- [java-sdk-http-connection-reaper] h.i.c.PoolingHttpClientConnectionManager : Closing connections idle longer than 60000 MILLISECONDS
2024-05-03T14:58:50.277+09:00 DEBUG 19644 --- [java-sdk-http-connection-reaper] h.i.c.PoolingHttpClientConnectionManager : Closing connections idle longer than 60000 MILLISECONDS
2024-05-03T14:59:50.292+09:00 DEBUG 19644 --- [java-sdk-http-connection-reaper] h.i.c.PoolingHttpClientConnectionManager : Closing connections idle longer than 60000 MILLISECONDS
2024-05-03T15:00:50.303+09:00 DEBUG 19644 --- [java-sdk-http-connection-reaper] h.i.c.PoolingHttpClientConnectionManager : Closing connections idle longer than 60000 MILLISECONDS
2024-05-03T15:01:50.308+09:00 DEBUG 19644 --- [java-sdk-http-connection-reaper] h.i.c.PoolingHttpClientConnectionManager : Closing connections idle longer than 60000 MILLISECONDS
2024-05-03T15:02:50.313+09:00 DEBUG 19644 --- [java-sdk-http-connection-reaper] h.i.c.PoolingHttpClientConnectionManager : Closing connections idle longer than 60000 MILLISECONDS
2024-05-03T15:36:32.699+09:00  WARN 19644 --- [HikariPool-1 housekeeper] com.zaxxer.hikari.pool.HikariPool        : HikariPool-1 - Thread starvation or clock leap detected (housekeeper delta=33m14s142ms831?s900ns).
2024-05-03T15:36:34.451+09:00 DEBUG 19644 --- [java-sdk-http-connection-reaper] h.i.c.PoolingHttpClientConnectionManager : Closing connections idle longer than 60000 MILLISECONDS
2024-05-03T15:37:34.456+09:00 DEBUG 19644 --- [java-sdk-http-connection-reaper] h.i.c.PoolingHttpClientConnectionManager : Closing connections idle longer than 60000 MILLISECONDS
2024-05-03T15:38:07.752+09:00  INFO 19644 --- [http-nio-8080-exec-3] o.s.s._common.aop.TimeChecking           : 코드 실행 이전
2024-05-03T15:38:07.756+09:00  INFO 19644 --- [http-nio-8080-exec-1] o.s.s._common.aop.TimeChecking           : 코드 실행 이전
2024-05-03T15:38:07.836+09:00  INFO 19644 --- [http-nio-8080-exec-3] o.s.s._common.aop.TimeChecking           : 코드 실행 시간 = 80
2024-05-03T15:38:08.024+09:00  INFO 19644 --- [http-nio-8080-exec-1] o.s.s._common.aop.TimeChecking           : 코드 실행 시간 = 268
2024-05-03T15:38:10.243+09:00  INFO 19644 --- [http-nio-8080-exec-2] o.s.s._common.aop.TimeChecking           : 코드 실행 이전
2024-05-03T15:38:10.250+09:00  INFO 19644 --- [http-nio-8080-exec-4] o.s.s._common.aop.TimeChecking           : 코드 실행 이전
2024-05-03T15:38:10.302+09:00  INFO 19644 --- [http-nio-8080-exec-2] o.s.s._common.aop.TimeChecking           : 코드 실행 시간 = 52
2024-05-03T15:38:10.470+09:00  INFO 19644 --- [http-nio-8080-exec-4] o.s.s._common.aop.TimeChecking           : 코드 실행 시간 = 220
2024-05-03T15:38:34.467+09:00 DEBUG 19644 --- [java-sdk-http-connection-reaper] h.i.c.PoolingHttpClientConnectionManager : Closing connections idle longer than 60000 MILLISECONDS
2024-05-03T15:38:40.937+09:00  INFO 19644 --- [http-nio-8080-exec-8] o.s.s._common.aop.TimeChecking           : 코드 실행 이전
2024-05-03T15:38:40.941+09:00  INFO 19644 --- [http-nio-8080-exec-9] o.s.s._common.aop.TimeChecking           : 코드 실행 이전
2024-05-03T15:38:41.008+09:00  INFO 19644 --- [http-nio-8080-exec-9] o.s.s._common.aop.TimeChecking           : 코드 실행 시간 = 67
2024-05-03T15:38:41.145+09:00  INFO 19644 --- [http-nio-8080-exec-8] o.s.s._common.aop.TimeChecking           : 코드 실행 시간 = 204
2024-05-03T15:38:43.363+09:00  INFO 19644 --- [http-nio-8080-exec-7] o.s.s._common.aop.TimeChecking           : 코드 실행 이전
2024-05-03T15:38:43.367+09:00  INFO 19644 --- [http-nio-8080-exec-10] o.s.s._common.aop.TimeChecking           : 코드 실행 이전
2024-05-03T15:38:43.422+09:00  INFO 19644 --- [http-nio-8080-exec-7] o.s.s._common.aop.TimeChecking           : 코드 실행 시간 = 55
2024-05-03T15:38:43.575+09:00  INFO 19644 --- [http-nio-8080-exec-10] o.s.s._common.aop.TimeChecking           : 코드 실행 시간 = 208
2024-05-03T15:38:45.218+09:00  INFO 19644 --- [http-nio-8080-exec-1] o.s.s._common.aop.TimeChecking           : 코드 실행 이전
2024-05-03T15:38:45.223+09:00  INFO 19644 --- [http-nio-8080-exec-3] o.s.s._common.aop.TimeChecking           : 코드 실행 이전
2024-05-03T15:38:45.292+09:00  INFO 19644 --- [http-nio-8080-exec-3] o.s.s._common.aop.TimeChecking           : 코드 실행 시간 = 69
2024-05-03T15:38:45.436+09:00  INFO 19644 --- [http-nio-8080-exec-1] o.s.s._common.aop.TimeChecking           : 코드 실행 시간 = 213
2024-05-03T15:39:34.478+09:00 DEBUG 19644 --- [java-sdk-http-connection-reaper] h.i.c.PoolingHttpClientConnectionManager : Closing connections idle longer than 60000 MILLISECONDS
2024-05-03T15:40:34.487+09:00 DEBUG 19644 --- [java-sdk-http-connection-reaper] h.i.c.PoolingHttpClientConnectionManager : Closing connections idle longer than 60000 MILLISECONDS
2024-05-03T15:41:34.492+09:00 DEBUG 19644 --- [java-sdk-http-connection-reaper] h.i.c.PoolingHttpClientConnectionManager : Closing connections idle longer than 60000 MILLISECONDS
2024-05-03T15:42:04.614+09:00  INFO 19644 --- [http-nio-8080-exec-8] o.s.s._common.aop.TimeChecking           : 코드 실행 이전
2024-05-03T15:42:04.616+09:00  INFO 19644 --- [http-nio-8080-exec-9] o.s.s._common.aop.TimeChecking           : 코드 실행 이전
2024-05-03T15:42:04.682+09:00  INFO 19644 --- [http-nio-8080-exec-8] o.s.s._common.aop.TimeChecking           : 코드 실행 시간 = 66
2024-05-03T15:42:04.859+09:00  INFO 19644 --- [http-nio-8080-exec-9] o.s.s._common.aop.TimeChecking           : 코드 실행 시간 = 243
2024-05-03T15:42:06.800+09:00  INFO 19644 --- [http-nio-8080-exec-7] o.s.s._common.aop.TimeChecking           : 코드 실행 이전
2024-05-03T15:42:06.807+09:00  INFO 19644 --- [http-nio-8080-exec-10] o.s.s._common.aop.TimeChecking           : 코드 실행 이전
2024-05-03T15:42:06.860+09:00  INFO 19644 --- [http-nio-8080-exec-7] o.s.s._common.aop.TimeChecking           : 코드 실행 시간 = 54
2024-05-03T15:42:07.017+09:00  INFO 19644 --- [http-nio-8080-exec-10] o.s.s._common.aop.TimeChecking           : 코드 실행 시간 = 211
2024-05-03T15:42:27.213+09:00  INFO 19644 --- [http-nio-8080-exec-2] o.s.s._common.aop.TimeChecking           : 코드 실행 이전
2024-05-03T15:42:27.216+09:00  INFO 19644 --- [http-nio-8080-exec-4] o.s.s._common.aop.TimeChecking           : 코드 실행 이전
2024-05-03T15:42:27.296+09:00  INFO 19644 --- [http-nio-8080-exec-2] o.s.s._common.aop.TimeChecking           : 코드 실행 시간 = 80
2024-05-03T15:42:27.458+09:00  INFO 19644 --- [http-nio-8080-exec-4] o.s.s._common.aop.TimeChecking           : 코드 실행 시간 = 242
2024-05-03T15:42:34.505+09:00 DEBUG 19644 --- [java-sdk-http-connection-reaper] h.i.c.PoolingHttpClientConnectionManager : Closing connections idle longer than 60000 MILLISECONDS
2024-05-03T15:43:30.437+09:00  INFO 19644 --- [http-nio-8080-exec-10] o.s.s._common.aop.TimeChecking           : 코드 실행 이전
2024-05-03T15:43:30.437+09:00  INFO 19644 --- [http-nio-8080-exec-7] o.s.s._common.aop.TimeChecking           : 코드 실행 이전
2024-05-03T15:43:30.501+09:00  INFO 19644 --- [http-nio-8080-exec-7] o.s.s._common.aop.TimeChecking           : 코드 실행 시간 = 64
2024-05-03T15:43:30.684+09:00  INFO 19644 --- [http-nio-8080-exec-10] o.s.s._common.aop.TimeChecking           : 코드 실행 시간 = 247
2024-05-03T15:43:34.507+09:00 DEBUG 19644 --- [java-sdk-http-connection-reaper] h.i.c.PoolingHttpClientConnectionManager : Closing connections idle longer than 60000 MILLISECONDS
2024-05-03T15:43:38.402+09:00  INFO 19644 --- [http-nio-8080-exec-2] o.s.s._common.aop.TimeChecking           : 코드 실행 이전
2024-05-03T15:43:38.406+09:00  INFO 19644 --- [http-nio-8080-exec-4] o.s.s._common.aop.TimeChecking           : 코드 실행 이전
2024-05-03T15:43:38.473+09:00  INFO 19644 --- [http-nio-8080-exec-2] o.s.s._common.aop.TimeChecking           : 코드 실행 시간 = 67
2024-05-03T15:43:38.634+09:00  INFO 19644 --- [http-nio-8080-exec-4] o.s.s._common.aop.TimeChecking           : 코드 실행 시간 = 228
2024-05-03T15:43:41.378+09:00  INFO 19644 --- [http-nio-8080-exec-6] o.s.s._common.aop.TimeChecking           : 코드 실행 이전
2024-05-03T15:43:41.385+09:00  INFO 19644 --- [http-nio-8080-exec-5] o.s.s._common.aop.TimeChecking           : 코드 실행 이전
2024-05-03T15:43:41.442+09:00  INFO 19644 --- [http-nio-8080-exec-6] o.s.s._common.aop.TimeChecking           : 코드 실행 시간 = 57
2024-05-03T15:43:41.636+09:00  INFO 19644 --- [http-nio-8080-exec-5] o.s.s._common.aop.TimeChecking           : 코드 실행 시간 = 251
2024-05-03T15:43:43.181+09:00  INFO 19644 --- [http-nio-8080-exec-8] o.s.s._common.aop.TimeChecking           : 코드 실행 이전
2024-05-03T15:43:43.183+09:00  INFO 19644 --- [http-nio-8080-exec-9] o.s.s._common.aop.TimeChecking           : 코드 실행 이전
2024-05-03T15:43:43.273+09:00  INFO 19644 --- [http-nio-8080-exec-8] o.s.s._common.aop.TimeChecking           : 코드 실행 시간 = 90
2024-05-03T15:43:43.427+09:00  INFO 19644 --- [http-nio-8080-exec-9] o.s.s._common.aop.TimeChecking           : 코드 실행 시간 = 244
2024-05-03T15:43:44.993+09:00  INFO 19644 --- [http-nio-8080-exec-1] o.s.s._common.aop.TimeChecking           : 코드 실행 이전
2024-05-03T15:43:44.998+09:00  INFO 19644 --- [http-nio-8080-exec-3] o.s.s._common.aop.TimeChecking           : 코드 실행 이전
2024-05-03T15:43:45.070+09:00  INFO 19644 --- [http-nio-8080-exec-3] o.s.s._common.aop.TimeChecking           : 코드 실행 시간 = 72
2024-05-03T15:43:45.196+09:00  INFO 19644 --- [http-nio-8080-exec-1] o.s.s._common.aop.TimeChecking           : 코드 실행 시간 = 198
2024-05-03T15:44:34.522+09:00 DEBUG 19644 --- [java-sdk-http-connection-reaper] h.i.c.PoolingHttpClientConnectionManager : Closing connections idle longer than 60000 MILLISECONDS
2024-05-03T15:45:34.529+09:00 DEBUG 19644 --- [java-sdk-http-connection-reaper] h.i.c.PoolingHttpClientConnectionManager : Closing connections idle longer than 60000 MILLISECONDS
2024-05-03T15:46:34.537+09:00 DEBUG 19644 --- [java-sdk-http-connection-reaper] h.i.c.PoolingHttpClientConnectionManager : Closing connections idle longer than 60000 MILLISECONDS
2024-05-03T15:47:34.543+09:00 DEBUG 19644 --- [java-sdk-http-connection-reaper] h.i.c.PoolingHttpClientConnectionManager : Closing connections idle longer than 60000 MILLISECONDS
2024-05-03T15:48:34.556+09:00 DEBUG 19644 --- [java-sdk-http-connection-reaper] h.i.c.PoolingHttpClientConnectionManager : Closing connections idle longer than 60000 MILLISECONDS
2024-05-03T15:49:34.565+09:00 DEBUG 19644 --- [java-sdk-http-connection-reaper] h.i.c.PoolingHttpClientConnectionManager : Closing connections idle longer than 60000 MILLISECONDS
2024-05-03T15:50:34.576+09:00 DEBUG 19644 --- [java-sdk-http-connection-reaper] h.i.c.PoolingHttpClientConnectionManager : Closing connections idle longer than 60000 MILLISECONDS
2024-05-03T15:51:34.581+09:00 DEBUG 19644 --- [java-sdk-http-connection-reaper] h.i.c.PoolingHttpClientConnectionManager : Closing connections idle longer than 60000 MILLISECONDS
2024-05-03T15:52:34.588+09:00 DEBUG 19644 --- [java-sdk-http-connection-reaper] h.i.c.PoolingHttpClientConnectionManager : Closing connections idle longer than 60000 MILLISECONDS
2024-05-03T15:52:53.597+09:00  INFO 19644 --- [http-nio-8080-exec-8] o.s.s._common.aop.TimeChecking           : 코드 실행 이전
2024-05-03T15:52:53.600+09:00  INFO 19644 --- [http-nio-8080-exec-9] o.s.s._common.aop.TimeChecking           : 코드 실행 이전
2024-05-03T15:52:53.658+09:00  INFO 19644 --- [http-nio-8080-exec-8] o.s.s._common.aop.TimeChecking           : 코드 실행 시간 = 58
2024-05-03T15:52:53.840+09:00  INFO 19644 --- [http-nio-8080-exec-9] o.s.s._common.aop.TimeChecking           : 코드 실행 시간 = 240
2024-05-03T15:52:55.317+09:00  INFO 19644 --- [http-nio-8080-exec-7] o.s.s._common.aop.TimeChecking           : 코드 실행 이전
2024-05-03T15:52:55.323+09:00  INFO 19644 --- [http-nio-8080-exec-10] o.s.s._common.aop.TimeChecking           : 코드 실행 이전
2024-05-03T15:52:55.389+09:00  INFO 19644 --- [http-nio-8080-exec-7] o.s.s._common.aop.TimeChecking           : 코드 실행 시간 = 66
2024-05-03T15:52:55.561+09:00  INFO 19644 --- [http-nio-8080-exec-10] o.s.s._common.aop.TimeChecking           : 코드 실행 시간 = 238
2024-05-03T15:53:02.966+09:00  INFO 19644 --- [http-nio-8080-exec-2] o.s.s._common.aop.TimeChecking           : 코드 실행 이전
2024-05-03T15:53:02.971+09:00  INFO 19644 --- [http-nio-8080-exec-4] o.s.s._common.aop.TimeChecking           : 코드 실행 이전
2024-05-03T15:53:03.037+09:00  INFO 19644 --- [http-nio-8080-exec-2] o.s.s._common.aop.TimeChecking           : 코드 실행 시간 = 66
2024-05-03T15:53:03.190+09:00  INFO 19644 --- [http-nio-8080-exec-4] o.s.s._common.aop.TimeChecking           : 코드 실행 시간 = 219
2024-05-03T15:53:34.593+09:00 DEBUG 19644 --- [java-sdk-http-connection-reaper] h.i.c.PoolingHttpClientConnectionManager : Closing connections idle longer than 60000 MILLISECONDS
2024-05-03T15:53:57.946+09:00  INFO 19644 --- [http-nio-8080-exec-8] o.s.s._common.aop.TimeChecking           : 코드 실행 이전
2024-05-03T15:53:57.967+09:00  INFO 19644 --- [http-nio-8080-exec-9] o.s.s._common.aop.TimeChecking           : 코드 실행 이전
2024-05-03T15:53:58.022+09:00  INFO 19644 --- [http-nio-8080-exec-8] o.s.s._common.aop.TimeChecking           : 코드 실행 시간 = 55
2024-05-03T15:53:58.200+09:00  INFO 19644 --- [http-nio-8080-exec-9] o.s.s._common.aop.TimeChecking           : 코드 실행 시간 = 232
2024-05-03T15:54:34.595+09:00 DEBUG 19644 --- [java-sdk-http-connection-reaper] h.i.c.PoolingHttpClientConnectionManager : Closing connections idle longer than 60000 MILLISECONDS
2024-05-03T15:55:34.609+09:00 DEBUG 19644 --- [java-sdk-http-connection-reaper] h.i.c.PoolingHttpClientConnectionManager : Closing connections idle longer than 60000 MILLISECONDS
2024-05-03T15:56:34.611+09:00 DEBUG 19644 --- [java-sdk-http-connection-reaper] h.i.c.PoolingHttpClientConnectionManager : Closing connections idle longer than 60000 MILLISECONDS
2024-05-03T15:57:34.624+09:00 DEBUG 19644 --- [java-sdk-http-connection-reaper] h.i.c.PoolingHttpClientConnectionManager : Closing connections idle longer than 60000 MILLISECONDS
2024-05-03T15:58:31.609+09:00  INFO 19644 --- [http-nio-8080-exec-2] o.s.s._common.aop.TimeChecking           : 코드 실행 이전
2024-05-03T15:58:31.612+09:00  INFO 19644 --- [http-nio-8080-exec-4] o.s.s._common.aop.TimeChecking           : 코드 실행 이전
2024-05-03T15:58:31.675+09:00  INFO 19644 --- [http-nio-8080-exec-2] o.s.s._common.aop.TimeChecking           : 코드 실행 시간 = 63
2024-05-03T15:58:31.879+09:00  INFO 19644 --- [http-nio-8080-exec-4] o.s.s._common.aop.TimeChecking           : 코드 실행 시간 = 267
2024-05-03T15:58:34.625+09:00 DEBUG 19644 --- [java-sdk-http-connection-reaper] h.i.c.PoolingHttpClientConnectionManager : Closing connections idle longer than 60000 MILLISECONDS
2024-05-03T15:59:00.027+09:00  INFO 19644 --- [http-nio-8080-exec-8] o.s.s._common.aop.TimeChecking           : 코드 실행 이전
2024-05-03T15:59:00.027+09:00  INFO 19644 --- [http-nio-8080-exec-9] o.s.s._common.aop.TimeChecking           : 코드 실행 이전
2024-05-03T15:59:00.365+09:00  INFO 19644 --- [http-nio-8080-exec-9] o.s.s._common.aop.TimeChecking           : 코드 실행 시간 = 338
2024-05-03T15:59:00.688+09:00  INFO 19644 --- [http-nio-8080-exec-8] o.s.s._common.aop.TimeChecking           : 코드 실행 시간 = 661
2024-05-03T15:59:34.629+09:00 DEBUG 19644 --- [java-sdk-http-connection-reaper] h.i.c.PoolingHttpClientConnectionManager : Closing connections idle longer than 60000 MILLISECONDS
2024-05-03T16:00:34.516+09:00  INFO 19644 --- [http-nio-8080-exec-2] o.s.s._common.aop.TimeChecking           : 코드 실행 이전
2024-05-03T16:00:34.562+09:00  INFO 19644 --- [http-nio-8080-exec-4] o.s.s._common.aop.TimeChecking           : 코드 실행 이전
2024-05-03T16:00:34.630+09:00  INFO 19644 --- [http-nio-8080-exec-2] o.s.s._common.aop.TimeChecking           : 코드 실행 시간 = 68
2024-05-03T16:00:34.643+09:00 DEBUG 19644 --- [java-sdk-http-connection-reaper] h.i.c.PoolingHttpClientConnectionManager : Closing connections idle longer than 60000 MILLISECONDS
2024-05-03T16:00:34.886+09:00  INFO 19644 --- [http-nio-8080-exec-4] o.s.s._common.aop.TimeChecking           : 코드 실행 시간 = 324
2024-05-03T16:01:01.384+09:00  INFO 19644 --- [http-nio-8080-exec-5] o.s.s._common.aop.TimeChecking           : 코드 실행 이전
2024-05-03T16:01:01.395+09:00  INFO 19644 --- [http-nio-8080-exec-8] o.s.s._common.aop.TimeChecking           : 코드 실행 이전
2024-05-03T16:01:01.477+09:00  INFO 19644 --- [http-nio-8080-exec-5] o.s.s._common.aop.TimeChecking           : 코드 실행 시간 = 82
2024-05-03T16:01:01.703+09:00  INFO 19644 --- [http-nio-8080-exec-8] o.s.s._common.aop.TimeChecking           : 코드 실행 시간 = 308
2024-05-03T16:01:34.644+09:00 DEBUG 19644 --- [java-sdk-http-connection-reaper] h.i.c.PoolingHttpClientConnectionManager : Closing connections idle longer than 60000 MILLISECONDS
2024-05-03T16:02:00.791+09:00  INFO 19644 --- [http-nio-8080-exec-7] o.s.s._common.aop.TimeChecking           : 코드 실행 이전
2024-05-03T16:02:00.820+09:00  INFO 19644 --- [http-nio-8080-exec-1] o.s.s._common.aop.TimeChecking           : 코드 실행 이전
2024-05-03T16:02:00.858+09:00  INFO 19644 --- [http-nio-8080-exec-7] o.s.s._common.aop.TimeChecking           : 코드 실행 시간 = 38
2024-05-03T16:02:01.085+09:00  INFO 19644 --- [http-nio-8080-exec-1] o.s.s._common.aop.TimeChecking           : 코드 실행 시간 = 265
2024-05-03T16:02:15.813+09:00  INFO 19644 --- [http-nio-8080-exec-4] o.s.s._common.aop.TimeChecking           : 코드 실행 이전
2024-05-03T16:02:15.826+09:00  INFO 19644 --- [http-nio-8080-exec-9] o.s.s._common.aop.TimeChecking           : 코드 실행 이전
2024-05-03T16:02:15.908+09:00  INFO 19644 --- [http-nio-8080-exec-4] o.s.s._common.aop.TimeChecking           : 코드 실행 시간 = 82
2024-05-03T16:02:16.094+09:00  INFO 19644 --- [http-nio-8080-exec-9] o.s.s._common.aop.TimeChecking           : 코드 실행 시간 = 268
2024-05-03T16:02:18.794+09:00  INFO 19644 --- [http-nio-8080-exec-5] o.s.s._common.aop.TimeChecking           : 코드 실행 이전
2024-05-03T16:02:18.804+09:00  INFO 19644 --- [http-nio-8080-exec-8] o.s.s._common.aop.TimeChecking           : 코드 실행 이전
2024-05-03T16:02:18.877+09:00  INFO 19644 --- [http-nio-8080-exec-5] o.s.s._common.aop.TimeChecking           : 코드 실행 시간 = 73
2024-05-03T16:02:19.025+09:00  INFO 19644 --- [http-nio-8080-exec-8] o.s.s._common.aop.TimeChecking           : 코드 실행 시간 = 221
2024-05-03T16:02:27.788+09:00  INFO 19644 --- [http-nio-8080-exec-3] o.s.s._common.aop.TimeChecking           : 코드 실행 이전
2024-05-03T16:02:27.793+09:00  INFO 19644 --- [http-nio-8080-exec-1] o.s.s._common.aop.TimeChecking           : 코드 실행 이전
2024-05-03T16:02:27.863+09:00  INFO 19644 --- [http-nio-8080-exec-3] o.s.s._common.aop.TimeChecking           : 코드 실행 시간 = 70
2024-05-03T16:02:28.010+09:00  INFO 19644 --- [http-nio-8080-exec-1] o.s.s._common.aop.TimeChecking           : 코드 실행 시간 = 217
2024-05-03T16:02:34.654+09:00 DEBUG 19644 --- [java-sdk-http-connection-reaper] h.i.c.PoolingHttpClientConnectionManager : Closing connections idle longer than 60000 MILLISECONDS
2024-05-03T16:02:40.804+09:00  INFO 19644 --- [http-nio-8080-exec-6] o.s.s._common.aop.TimeChecking           : 코드 실행 이전
2024-05-03T16:02:40.808+09:00  INFO 19644 --- [http-nio-8080-exec-9] o.s.s._common.aop.TimeChecking           : 코드 실행 이전
2024-05-03T16:02:40.871+09:00  INFO 19644 --- [http-nio-8080-exec-6] o.s.s._common.aop.TimeChecking           : 코드 실행 시간 = 63
2024-05-03T16:02:41.061+09:00  INFO 19644 --- [http-nio-8080-exec-9] o.s.s._common.aop.TimeChecking           : 코드 실행 시간 = 253
2024-05-03T16:02:42.786+09:00  INFO 19644 --- [http-nio-8080-exec-8] o.s.s._common.aop.TimeChecking           : 코드 실행 이전
2024-05-03T16:02:42.795+09:00  INFO 19644 --- [http-nio-8080-exec-5] o.s.s._common.aop.TimeChecking           : 코드 실행 이전
2024-05-03T16:02:42.880+09:00  INFO 19644 --- [http-nio-8080-exec-5] o.s.s._common.aop.TimeChecking           : 코드 실행 시간 = 85
2024-05-03T16:02:43.007+09:00  INFO 19644 --- [http-nio-8080-exec-8] o.s.s._common.aop.TimeChecking           : 코드 실행 시간 = 212
2024-05-03T16:03:07.845+09:00  INFO 19644 --- [http-nio-8080-exec-7] o.s.s._common.aop.TimeChecking           : 코드 실행 이전
2024-05-03T16:03:07.847+09:00  INFO 19644 --- [http-nio-8080-exec-1] o.s.s._common.aop.TimeChecking           : 코드 실행 이전
2024-05-03T16:03:07.927+09:00  INFO 19644 --- [http-nio-8080-exec-7] o.s.s._common.aop.TimeChecking           : 코드 실행 시간 = 80
2024-05-03T16:03:08.157+09:00  INFO 19644 --- [http-nio-8080-exec-1] o.s.s._common.aop.TimeChecking           : 코드 실행 시간 = 310
2024-05-03T16:03:08.784+09:00  INFO 19644 --- [http-nio-8080-exec-2] o.s.s._common.aop.TimeChecking           : 코드 실행 이전
2024-05-03T16:03:08.798+09:00  INFO 19644 --- [http-nio-8080-exec-4] o.s.s._common.aop.TimeChecking           : 코드 실행 이전
2024-05-03T16:03:08.849+09:00  INFO 19644 --- [http-nio-8080-exec-2] o.s.s._common.aop.TimeChecking           : 코드 실행 시간 = 51
2024-05-03T16:03:09.041+09:00  INFO 19644 --- [http-nio-8080-exec-4] o.s.s._common.aop.TimeChecking           : 코드 실행 시간 = 243
2024-05-03T16:03:11.348+09:00  INFO 19644 --- [http-nio-8080-exec-6] o.s.s._common.aop.TimeChecking           : 코드 실행 이전
2024-05-03T16:03:11.348+09:00  INFO 19644 --- [http-nio-8080-exec-9] o.s.s._common.aop.TimeChecking           : 코드 실행 이전
2024-05-03T16:03:11.427+09:00  INFO 19644 --- [http-nio-8080-exec-6] o.s.s._common.aop.TimeChecking           : 코드 실행 시간 = 79
2024-05-03T16:03:11.605+09:00  INFO 19644 --- [http-nio-8080-exec-9] o.s.s._common.aop.TimeChecking           : 코드 실행 시간 = 257
2024-05-03T16:03:13.747+09:00  INFO 19644 --- [http-nio-8080-exec-10] o.s.s._common.aop.TimeChecking           : 코드 실행 이전
2024-05-03T16:03:13.747+09:00  INFO 19644 --- [http-nio-8080-exec-3] o.s.s._common.aop.TimeChecking           : 코드 실행 이전
2024-05-03T16:03:13.842+09:00  INFO 19644 --- [http-nio-8080-exec-10] o.s.s._common.aop.TimeChecking           : 코드 실행 시간 = 95
2024-05-03T16:03:14.012+09:00  INFO 19644 --- [http-nio-8080-exec-3] o.s.s._common.aop.TimeChecking           : 코드 실행 시간 = 265
2024-05-03T16:03:16.053+09:00  INFO 19644 --- [http-nio-8080-exec-7] o.s.s._common.aop.TimeChecking           : 코드 실행 이전
2024-05-03T16:03:16.054+09:00  INFO 19644 --- [http-nio-8080-exec-1] o.s.s._common.aop.TimeChecking           : 코드 실행 이전
2024-05-03T16:03:16.134+09:00  INFO 19644 --- [http-nio-8080-exec-7] o.s.s._common.aop.TimeChecking           : 코드 실행 시간 = 80
2024-05-03T16:03:16.303+09:00  INFO 19644 --- [http-nio-8080-exec-1] o.s.s._common.aop.TimeChecking           : 코드 실행 시간 = 249
2024-05-03T16:03:34.660+09:00 DEBUG 19644 --- [java-sdk-http-connection-reaper] h.i.c.PoolingHttpClientConnectionManager : Closing connections idle longer than 60000 MILLISECONDS
2024-05-03T16:04:13.803+09:00  INFO 19644 --- [http-nio-8080-exec-4] o.s.s._common.aop.TimeChecking           : 코드 실행 이전
2024-05-03T16:04:13.810+09:00  INFO 19644 --- [http-nio-8080-exec-9] o.s.s._common.aop.TimeChecking           : 코드 실행 이전
2024-05-03T16:04:13.887+09:00  INFO 19644 --- [http-nio-8080-exec-4] o.s.s._common.aop.TimeChecking           : 코드 실행 시간 = 77
2024-05-03T16:04:14.041+09:00  INFO 19644 --- [http-nio-8080-exec-9] o.s.s._common.aop.TimeChecking           : 코드 실행 시간 = 231
2024-05-03T16:04:17.798+09:00  INFO 19644 --- [http-nio-8080-exec-5] o.s.s._common.aop.TimeChecking           : 코드 실행 이전
2024-05-03T16:04:17.809+09:00  INFO 19644 --- [http-nio-8080-exec-8] o.s.s._common.aop.TimeChecking           : 코드 실행 이전
2024-05-03T16:04:17.871+09:00  INFO 19644 --- [http-nio-8080-exec-5] o.s.s._common.aop.TimeChecking           : 코드 실행 시간 = 62
2024-05-03T16:04:18.027+09:00  INFO 19644 --- [http-nio-8080-exec-8] o.s.s._common.aop.TimeChecking           : 코드 실행 시간 = 218
2024-05-03T16:04:23.816+09:00  INFO 19644 --- [http-nio-8080-exec-3] o.s.s._common.aop.TimeChecking           : 코드 실행 이전
2024-05-03T16:04:23.816+09:00  INFO 19644 --- [http-nio-8080-exec-1] o.s.s._common.aop.TimeChecking           : 코드 실행 이전
2024-05-03T16:04:23.896+09:00  INFO 19644 --- [http-nio-8080-exec-3] o.s.s._common.aop.TimeChecking           : 코드 실행 시간 = 80
2024-05-03T16:04:24.073+09:00  INFO 19644 --- [http-nio-8080-exec-1] o.s.s._common.aop.TimeChecking           : 코드 실행 시간 = 257
2024-05-03T16:04:34.669+09:00 DEBUG 19644 --- [java-sdk-http-connection-reaper] h.i.c.PoolingHttpClientConnectionManager : Closing connections idle longer than 60000 MILLISECONDS
2024-05-03T16:04:45.788+09:00  INFO 19644 --- [http-nio-8080-exec-6] o.s.s._common.aop.TimeChecking           : 코드 실행 이전
2024-05-03T16:04:45.798+09:00  INFO 19644 --- [http-nio-8080-exec-9] o.s.s._common.aop.TimeChecking           : 코드 실행 이전
2024-05-03T16:04:45.865+09:00  INFO 19644 --- [http-nio-8080-exec-6] o.s.s._common.aop.TimeChecking           : 코드 실행 시간 = 67
2024-05-03T16:04:46.030+09:00  INFO 19644 --- [http-nio-8080-exec-9] o.s.s._common.aop.TimeChecking           : 코드 실행 시간 = 232
2024-05-03T16:04:49.789+09:00  INFO 19644 --- [http-nio-8080-exec-8] o.s.s._common.aop.TimeChecking           : 코드 실행 이전
2024-05-03T16:04:49.791+09:00  INFO 19644 --- [http-nio-8080-exec-5] o.s.s._common.aop.TimeChecking           : 코드 실행 이전
2024-05-03T16:04:49.869+09:00  INFO 19644 --- [http-nio-8080-exec-5] o.s.s._common.aop.TimeChecking           : 코드 실행 시간 = 78
2024-05-03T16:04:49.984+09:00  INFO 19644 --- [http-nio-8080-exec-8] o.s.s._common.aop.TimeChecking           : 코드 실행 시간 = 193
2024-05-03T16:04:50.791+09:00  INFO 19644 --- [http-nio-8080-exec-7] o.s.s._common.aop.TimeChecking           : 코드 실행 이전
2024-05-03T16:04:50.802+09:00  INFO 19644 --- [http-nio-8080-exec-1] o.s.s._common.aop.TimeChecking           : 코드 실행 이전
2024-05-03T16:04:50.852+09:00  INFO 19644 --- [http-nio-8080-exec-7] o.s.s._common.aop.TimeChecking           : 코드 실행 시간 = 50
2024-05-03T16:04:51.009+09:00  INFO 19644 --- [http-nio-8080-exec-1] o.s.s._common.aop.TimeChecking           : 코드 실행 시간 = 207
2024-05-03T16:04:52.797+09:00  INFO 19644 --- [http-nio-8080-exec-2] o.s.s._common.aop.TimeChecking           : 코드 실행 이전
2024-05-03T16:04:52.798+09:00  INFO 19644 --- [http-nio-8080-exec-4] o.s.s._common.aop.TimeChecking           : 코드 실행 이전
2024-05-03T16:04:52.880+09:00  INFO 19644 --- [http-nio-8080-exec-2] o.s.s._common.aop.TimeChecking           : 코드 실행 시간 = 82
2024-05-03T16:04:53.081+09:00  INFO 19644 --- [http-nio-8080-exec-4] o.s.s._common.aop.TimeChecking           : 코드 실행 시간 = 283
2024-05-03T16:04:53.102+09:00  INFO 19644 --- [http-nio-8080-exec-6] o.s.s._common.aop.TimeChecking           : 코드 실행 이전
2024-05-03T16:04:53.160+09:00  INFO 19644 --- [http-nio-8080-exec-6] o.s.s._common.aop.TimeChecking           : 코드 실행 시간 = 58
2024-05-03T16:04:55.637+09:00  INFO 19644 --- [http-nio-8080-exec-9] o.s.s._common.aop.TimeChecking           : 코드 실행 이전
2024-05-03T16:04:55.637+09:00  INFO 19644 --- [http-nio-8080-exec-5] o.s.s._common.aop.TimeChecking           : 코드 실행 이전
2024-05-03T16:04:55.709+09:00  INFO 19644 --- [http-nio-8080-exec-9] o.s.s._common.aop.TimeChecking           : 코드 실행 시간 = 72
2024-05-03T16:04:55.849+09:00  INFO 19644 --- [http-nio-8080-exec-5] o.s.s._common.aop.TimeChecking           : 코드 실행 시간 = 212
2024-05-03T16:05:34.208+09:00  INFO 19644 --- [http-nio-8080-exec-7] o.s.s._common.aop.TimeChecking           : 코드 실행 이전
2024-05-03T16:05:34.209+09:00  INFO 19644 --- [http-nio-8080-exec-3] o.s.s._common.aop.TimeChecking           : 코드 실행 이전
2024-05-03T16:05:34.331+09:00  INFO 19644 --- [http-nio-8080-exec-3] o.s.s._common.aop.TimeChecking           : 코드 실행 시간 = 122
2024-05-03T16:05:34.487+09:00  INFO 19644 --- [http-nio-8080-exec-7] o.s.s._common.aop.TimeChecking           : 코드 실행 시간 = 278
2024-05-03T16:05:34.673+09:00 DEBUG 19644 --- [java-sdk-http-connection-reaper] h.i.c.PoolingHttpClientConnectionManager : Closing connections idle longer than 60000 MILLISECONDS
2024-05-03T16:06:34.683+09:00 DEBUG 19644 --- [java-sdk-http-connection-reaper] h.i.c.PoolingHttpClientConnectionManager : Closing connections idle longer than 60000 MILLISECONDS
2024-05-03T16:07:34.691+09:00 DEBUG 19644 --- [java-sdk-http-connection-reaper] h.i.c.PoolingHttpClientConnectionManager : Closing connections idle longer than 60000 MILLISECONDS
2024-05-03T16:07:39.236+09:00  INFO 19644 --- [http-nio-8080-exec-5] o.s.s._common.aop.TimeChecking           : 코드 실행 이전
2024-05-03T16:07:39.236+09:00  INFO 19644 --- [http-nio-8080-exec-9] o.s.s._common.aop.TimeChecking           : 코드 실행 이전
2024-05-03T16:07:39.301+09:00  INFO 19644 --- [http-nio-8080-exec-5] o.s.s._common.aop.TimeChecking           : 코드 실행 시간 = 65
2024-05-03T16:07:39.460+09:00  INFO 19644 --- [http-nio-8080-exec-9] o.s.s._common.aop.TimeChecking           : 코드 실행 시간 = 224
2024-05-03T16:08:34.695+09:00 DEBUG 19644 --- [java-sdk-http-connection-reaper] h.i.c.PoolingHttpClientConnectionManager : Closing connections idle longer than 60000 MILLISECONDS
2024-05-03T16:09:34.703+09:00 DEBUG 19644 --- [java-sdk-http-connection-reaper] h.i.c.PoolingHttpClientConnectionManager : Closing connections idle longer than 60000 MILLISECONDS
2024-05-03T16:10:34.714+09:00 DEBUG 19644 --- [java-sdk-http-connection-reaper] h.i.c.PoolingHttpClientConnectionManager : Closing connections idle longer than 60000 MILLISECONDS
2024-05-03T16:11:34.724+09:00 DEBUG 19644 --- [java-sdk-http-connection-reaper] h.i.c.PoolingHttpClientConnectionManager : Closing connections idle longer than 60000 MILLISECONDS
2024-05-03T16:11:39.677+09:00  INFO 19644 --- [http-nio-8080-exec-1] o.s.s._common.aop.TimeChecking           : 코드 실행 이전
2024-05-03T16:11:39.677+09:00  INFO 19644 --- [http-nio-8080-exec-2] o.s.s._common.aop.TimeChecking           : 코드 실행 이전
2024-05-03T16:11:39.737+09:00  INFO 19644 --- [http-nio-8080-exec-1] o.s.s._common.aop.TimeChecking           : 코드 실행 시간 = 60
2024-05-03T16:11:39.918+09:00  INFO 19644 --- [http-nio-8080-exec-2] o.s.s._common.aop.TimeChecking           : 코드 실행 시간 = 241
2024-05-03T16:11:43.178+09:00  INFO 19644 --- [http-nio-8080-exec-4] o.s.s._common.aop.TimeChecking           : 코드 실행 이전
2024-05-03T16:11:43.179+09:00  INFO 19644 --- [http-nio-8080-exec-6] o.s.s._common.aop.TimeChecking           : 코드 실행 이전
2024-05-03T16:11:43.246+09:00  INFO 19644 --- [http-nio-8080-exec-4] o.s.s._common.aop.TimeChecking           : 코드 실행 시간 = 67
2024-05-03T16:11:43.380+09:00  INFO 19644 --- [http-nio-8080-exec-6] o.s.s._common.aop.TimeChecking           : 코드 실행 시간 = 201
2024-05-03T16:11:46.804+09:00  INFO 19644 --- [http-nio-8080-exec-10] o.s.s._common.aop.TimeChecking           : 코드 실행 이전
2024-05-03T16:11:46.804+09:00  INFO 19644 --- [http-nio-8080-exec-8] o.s.s._common.aop.TimeChecking           : 코드 실행 이전
2024-05-03T16:11:46.859+09:00  INFO 19644 --- [http-nio-8080-exec-8] o.s.s._common.aop.TimeChecking           : 코드 실행 시간 = 55
2024-05-03T16:11:47.101+09:00  INFO 19644 --- [http-nio-8080-exec-10] o.s.s._common.aop.TimeChecking           : 코드 실행 시간 = 297
2024-05-03T17:07:36.340+09:00  INFO 16092 --- [restartedMain] o.s.s.SsafySecProjApplication            : Starting SsafySecProjApplication using Java 17.0.9 with PID 16092 (C:\Users\SSAFY\Desktop\YourFootprints\backend\ssafy_sec_proj\build\classes\java\main started by SSAFY in C:\Users\SSAFY\Desktop\YourFootprints\backend\ssafy_sec_proj)
2024-05-03T17:07:36.342+09:00  INFO 16092 --- [restartedMain] o.s.s.SsafySecProjApplication            : The following 1 profile is active: "dev"
2024-05-03T17:07:36.400+09:00  INFO 16092 --- [restartedMain] o.s.b.devtools.restart.ChangeableUrls    : The Class-Path manifest attribute in C:\Users\SSAFY\.gradle\caches\modules-2\files-2.1\com.sun.xml.bind\jaxb-impl\4.0.4\92957850e97a2bb5903cbc0c2403835acfde86d3\jaxb-impl-4.0.4.jar referenced one or more files that do not exist: file:/C:/Users/SSAFY/.gradle/caches/modules-2/files-2.1/com.sun.xml.bind/jaxb-impl/4.0.4/92957850e97a2bb5903cbc0c2403835acfde86d3/jaxb-core.jar,file:/C:/Users/SSAFY/.gradle/caches/modules-2/files-2.1/com.sun.xml.bind/jaxb-impl/4.0.4/92957850e97a2bb5903cbc0c2403835acfde86d3/angus-activation.jar
2024-05-03T17:07:36.400+09:00  INFO 16092 --- [restartedMain] o.s.b.devtools.restart.ChangeableUrls    : The Class-Path manifest attribute in C:\Users\SSAFY\.gradle\caches\modules-2\files-2.1\com.sun.xml.bind\jaxb-core\4.0.4\a635cc22352614c2565001efc1dfed6e2698632c\jaxb-core-4.0.4.jar referenced one or more files that do not exist: file:/C:/Users/SSAFY/.gradle/caches/modules-2/files-2.1/com.sun.xml.bind/jaxb-core/4.0.4/a635cc22352614c2565001efc1dfed6e2698632c/jakarta.activation-api.jar,file:/C:/Users/SSAFY/.gradle/caches/modules-2/files-2.1/com.sun.xml.bind/jaxb-core/4.0.4/a635cc22352614c2565001efc1dfed6e2698632c/jakarta.xml.bind-api.jar
2024-05-03T17:07:36.401+09:00  INFO 16092 --- [restartedMain] .e.DevToolsPropertyDefaultsPostProcessor : Devtools property defaults active! Set 'spring.devtools.add-properties' to 'false' to disable
2024-05-03T17:07:36.402+09:00  INFO 16092 --- [restartedMain] .e.DevToolsPropertyDefaultsPostProcessor : For additional web related logging consider setting the 'logging.level.web' property to 'DEBUG'
2024-05-03T17:07:37.065+09:00  INFO 16092 --- [restartedMain] .s.d.r.c.RepositoryConfigurationDelegate : Bootstrapping Spring Data JPA repositories in DEFAULT mode.
2024-05-03T17:07:37.142+09:00  INFO 16092 --- [restartedMain] .s.d.r.c.RepositoryConfigurationDelegate : Finished Spring Data repository scanning in 70 ms. Found 13 JPA repository interfaceinterfaces.
2024-05-03T17:07:37.857+09:00  INFO 16092 --- [restartedMain] o.s.b.w.embedded.tomcat.TomcatWebServer  : Tomcat initialized with port(s): 8080 (http)
2024-05-03T17:07:37.865+09:00  INFO 16092 --- [restartedMain] o.apache.catalina.core.StandardService   : Starting service [Tomcat]
2024-05-03T17:07:37.865+09:00  INFO 16092 --- [restartedMain] o.apache.catalina.core.StandardEngine    : Starting Servlet engine: [Apache Tomcat/10.1.16]
2024-05-03T17:07:37.923+09:00  INFO 16092 --- [restartedMain] o.a.c.c.C.[Tomcat].[localhost].[/]       : Initializing Spring embedded WebApplicationContext
2024-05-03T17:07:37.923+09:00  INFO 16092 --- [restartedMain] w.s.c.ServletWebServerApplicationContext : Root WebApplicationContext: initialization completed in 1521 ms
2024-05-03T17:07:38.086+09:00  INFO 16092 --- [restartedMain] o.hibernate.jpa.internal.util.LogHelper  : HHH000204: Processing PersistenceUnitInfo [name: default]
2024-05-03T17:07:38.125+09:00  INFO 16092 --- [restartedMain] org.hibernate.Version                    : HHH000412: Hibernate ORM core version 6.1.7.Final
2024-05-03T17:07:38.250+09:00  INFO 16092 --- [restartedMain] o.h.spatial.integration.SpatialService   : HHH80000001: hibernate-spatial integration enabled : true
2024-05-03T17:07:38.354+09:00  INFO 16092 --- [restartedMain] com.zaxxer.hikari.HikariDataSource       : HikariPool-1 - Starting...
2024-05-03T17:07:38.765+09:00  INFO 16092 --- [restartedMain] com.zaxxer.hikari.pool.HikariPool        : HikariPool-1 - Added connection com.mysql.cj.jdbc.ConnectionImpl@40a51b5
2024-05-03T17:07:38.766+09:00  INFO 16092 --- [restartedMain] com.zaxxer.hikari.HikariDataSource       : HikariPool-1 - Start completed.
2024-05-03T17:07:38.781+09:00  INFO 16092 --- [restartedMain] SQL dialect                              : HHH000400: Using dialect: org.hibernate.dialect.MySQL57Dialect
2024-05-03T17:07:38.783+09:00  WARN 16092 --- [restartedMain] org.hibernate.orm.deprecation            : HHH90000026: MySQL57Dialect has been deprecated; use org.hibernate.dialect.MySQLDialect instead
2024-05-03T17:07:38.819+09:00  INFO 16092 --- [restartedMain] org.hibernate.spatial                    : HHH80000003: hibernate-spatial adding type contributions from : org.hibernate.spatial.dialect.mysql.MySQLDialectContributor
2024-05-03T17:07:39.112+09:00  INFO 16092 --- [restartedMain] org.hibernate.spatial                    : HHH80000004: hibernate-spatial adding function contributions from : org.hibernate.spatial.dialect.mysql.MySQLDialectContributor
2024-05-03T17:07:39.571+09:00  INFO 16092 --- [restartedMain] o.h.e.t.j.p.i.JtaPlatformInitiator       : HHH000490: Using JtaPlatform implementation: [org.hibernate.engine.transaction.jta.platform.internal.NoJtaPlatform]
2024-05-03T17:07:39.578+09:00  INFO 16092 --- [restartedMain] j.LocalContainerEntityManagerFactoryBean : Initialized JPA EntityManagerFactory for persistence unit 'default'
2024-05-03T17:07:40.802+09:00 DEBUG 16092 --- [java-sdk-http-connection-reaper] h.i.c.PoolingHttpClientConnectionManager : Closing connections idle longer than 60000 MILLISECONDS
2024-05-03T17:07:41.377+09:00  WARN 16092 --- [restartedMain] JpaBaseConfiguration$JpaWebConfiguration : spring.jpa.open-in-view is enabled by default. Therefore, database queries may be performed during view rendering. Explicitly configure spring.jpa.open-in-view to disable this warning
2024-05-03T17:07:41.704+09:00  INFO 16092 --- [restartedMain] o.s.s.web.DefaultSecurityFilterChain     : Will secure any request with [org.springframework.security.web.session.DisableEncodeUrlFilter@416c6c75, org.springframework.security.web.context.request.async.WebAsyncManagerIntegrationFilter@3924e719, org.springframework.security.web.context.SecurityContextHolderFilter@8df238e, org.springframework.security.web.header.HeaderWriterFilter@77403fc7, org.springframework.web.filter.CorsFilter@4c6cf06c, org.springframework.security.web.authentication.logout.LogoutFilter@40c66657, org.ssafy.ssafy_sec_proj._common.jwt.JwtAuthFilter@31487ef, org.springframework.security.web.savedrequest.RequestCacheAwareFilter@101fcdaf, org.springframework.security.web.servletapi.SecurityContextHolderAwareRequestFilter@2440428a, org.springframework.security.web.authentication.AnonymousAuthenticationFilter@21395c3c, org.springframework.security.web.session.SessionManagementFilter@862fb42, org.springframework.security.web.access.ExceptionTranslationFilter@43210479, org.springframework.security.web.access.intercept.FilterSecurityInterceptor@686d0a02]
2024-05-03T17:07:41.719+09:00  WARN 16092 --- [restartedMain] o.s.s.c.a.web.builders.WebSecurity       : You are asking Spring Security to ignore org.springframework.boot.autoconfigure.security.servlet.StaticResourceRequest$StaticResourceRequestMatcher@6eb66ee0. This is not recommended -- please use permitAll via HttpSecurity#authorizeHttpRequests instead.
2024-05-03T17:07:41.719+09:00  INFO 16092 --- [restartedMain] o.s.s.web.DefaultSecurityFilterChain     : Will not secure org.springframework.boot.autoconfigure.security.servlet.StaticResourceRequest$StaticResourceRequestMatcher@6eb66ee0
2024-05-03T17:07:42.157+09:00  INFO 16092 --- [restartedMain] o.s.b.d.a.OptionalLiveReloadServer       : LiveReload server is running on port 35729
2024-05-03T17:07:42.193+09:00  INFO 16092 --- [restartedMain] o.s.b.w.embedded.tomcat.TomcatWebServer  : Tomcat started on port(s): 8080 (http) with context path ''
2024-05-03T17:07:42.203+09:00  INFO 16092 --- [restartedMain] o.s.s.SsafySecProjApplication            : Started SsafySecProjApplication in 6.294 seconds (process running for 7.495)
2024-05-03T17:08:40.806+09:00 DEBUG 16092 --- [java-sdk-http-connection-reaper] h.i.c.PoolingHttpClientConnectionManager : Closing connections idle longer than 60000 MILLISECONDS
2024-05-03T17:08:45.436+09:00  INFO 16092 --- [http-nio-8080-exec-1] o.a.c.c.C.[Tomcat].[localhost].[/]       : Initializing Spring DispatcherServlet 'dispatcherServlet'
2024-05-03T17:08:45.436+09:00  INFO 16092 --- [http-nio-8080-exec-1] o.s.web.servlet.DispatcherServlet        : Initializing Servlet 'dispatcherServlet'
2024-05-03T17:08:45.437+09:00  INFO 16092 --- [http-nio-8080-exec-1] o.s.web.servlet.DispatcherServlet        : Completed initialization in 1 ms
2024-05-03T17:08:45.464+09:00  WARN 16092 --- [http-nio-8080-exec-1] o.s.w.s.h.HandlerMappingIntrospector     : Cache miss for REQUEST dispatch to '/api/oauth/callback/kakao/token/l-t-l' (previous null). Performing MatchableHandlerMapping lookup. This is logged once only at WARN level, and every time at TRACE.
2024-05-03T17:08:45.524+09:00  INFO 16092 --- [http-nio-8080-exec-1] o.s.s._common.aop.TimeChecking           : 코드 실행 이전
2024-05-03T17:08:45.733+09:00  INFO 16092 --- [http-nio-8080-exec-1] o.s.s._common.aop.TimeChecking           : 코드 실행 시간 = 209
2024-05-03T17:08:45.797+09:00  INFO 16092 --- [http-nio-8080-exec-1] o.s.s._common.aop.TimeChecking           : 코드 실행 이전
2024-05-03T17:08:46.059+09:00  INFO 16092 --- [http-nio-8080-exec-1] o.s.s._common.aop.TimeChecking           : 코드 실행 시간 = 262
2024-05-03T17:08:46.277+09:00  INFO 16092 --- [http-nio-8080-exec-4] o.s.s._common.aop.TimeChecking           : 코드 실행 이전
2024-05-03T17:08:46.285+09:00  INFO 16092 --- [http-nio-8080-exec-5] o.s.s._common.aop.TimeChecking           : 코드 실행 이전
2024-05-03T17:08:46.366+09:00  INFO 16092 --- [http-nio-8080-exec-4] o.s.s._common.aop.TimeChecking           : 코드 실행 시간 = 81
2024-05-03T17:08:46.599+09:00  INFO 16092 --- [http-nio-8080-exec-5] o.s.s._common.aop.TimeChecking           : 코드 실행 시간 = 314
2024-05-03T17:09:40.811+09:00 DEBUG 16092 --- [java-sdk-http-connection-reaper] h.i.c.PoolingHttpClientConnectionManager : Closing connections idle longer than 60000 MILLISECONDS
